sending incremental file list
created directory /tmp/backup
./
cronlogfile.log
everywhere
mycron
that_not_my_home_ITS_MY_HOME!
Видео/
Документы/
Загрузки/
Загрузки/2.md Кластеризация и балансировка.zip
Загрузки/2.md Кластеризация и балансировка/
Загрузки/2.md Кластеризация и балансировка/1/
Загрузки/2.md Кластеризация и балансировка/1/1.png
Загрузки/2.md Кластеризация и балансировка/1/haproxy1.cfg
Загрузки/2.md Кластеризация и балансировка/2/
Загрузки/2.md Кластеризация и балансировка/2/2.png
Загрузки/2.md Кластеризация и балансировка/2/haproxy2.cfg
Загрузки/2.md Кластеризация и балансировка/3/
Загрузки/2.md Кластеризация и балансировка/3/3.png
Загрузки/2.md Кластеризация и балансировка/3/example-http.conf
Загрузки/2.md Кластеризация и балансировка/3/haproxy3.cfg
Загрузки/2.md Кластеризация и балансировка/3/nginx.conf
Загрузки/2.md Кластеризация и балансировка/3/upstream.inc
Изображения/
Изображения/Снимок экрана от 2023-06-15 18-38-39.png
Изображения/Снимок экрана от 2023-06-16 18-17-04.png
Изображения/Снимок экрана от 2023-06-20 22-18-29.png
Изображения/Снимок экрана от 2023-06-23 20-54-36.png
Изображения/Снимок экрана от 2023-06-25 14-14-36.png
Изображения/Снимок экрана от 2023-06-25 15-36-20.png
Изображения/Снимок экрана от 2023-07-01 17-27-26.png
Изображения/Снимок экрана от 2023-07-01 17-27-30.png
Изображения/Снимок экрана от 2023-07-02 12-39-15.png
Изображения/Снимок экрана от 2023-07-02 16-51-20.png
Изображения/Снимок экрана от 2023-07-02 17-41-13.png
Изображения/Снимок экрана от 2023-07-02 17-56-15.png
Изображения/Снимок экрана от 2023-07-02 18-03-22.png
Изображения/Снимок экрана от 2023-08-26 17-30-13.png
Изображения/Снимок экрана от 2023-08-26 18-40-47.png
Изображения/Снимок экрана от 2023-08-26 18-40-49.png
Изображения/Снимок экрана от 2023-08-26 18-40-54.png
Изображения/Снимок экрана от 2023-08-27 20-48-29.png
Изображения/Снимок экрана от 2023-08-27 20-48-39.png
Изображения/Снимок экрана от 2023-08-29 19-38-48.png
Изображения/Снимок экрана от 2023-08-29 19-44-52.png
Изображения/Снимок экрана от 2023-08-29 20-21-38.png
Изображения/Снимок экрана от 2023-09-03 18-59-03.png
Изображения/Снимок экрана от 2023-09-03 21-14-04.png
Изображения/Снимок экрана от 2023-09-04 20-10-42.png
Изображения/Снимок экрана от 2023-09-04 20-13-52.png
Изображения/Снимок экрана от 2023-09-04 22-05-18.png
Изображения/Снимок экрана от 2024-01-20 00-16-08.png
Изображения/Снимок экрана от 2024-01-20 00-16-11.png
Изображения/Снимок экрана от 2024-01-24 00-25-37.png
Музыка/
Общедоступные/
Рабочий стол/
Шаблоны/

sent 5.31M bytes  received 961 bytes  3.54M bytes/sec
total size is 5.30M  speedup is 1.00
